<?xml version="1.0" encoding="UTF-8" ?>
<testsuites>
  <testsuite errors="0" failures="0" hostname="nh-7868f7430b85" id="0" name="LibraryIntegrationTests" package="com.library" tests="3" time="1.016" timestamp="2011-06-05T19:59:03">
      <properties />

      <testcase classname="com.library.LibraryIntegrationTests" name="testNewLibrary" time="0.891" />

      <testcase classname="com.library.LibraryIntegrationTests" name="testModifLibrary" time="0.015" />

      <testcase classname="com.library.LibraryIntegrationTests" name="testDeleteLibrary" time="0.094" />

      <system-out><![CDATA[--Output from testNewLibrary--
--Output from testModifLibrary--
--Output from testDeleteLibrary--
]]></system-out>

      <system-err><![CDATA[--Output from testNewLibrary--
--Output from testModifLibrary--
--Output from testDeleteLibrary--
]]></system-err>

  </testsuite>
</testsuites>
