<?xml version="1.0" encoding="UTF-8" ?>
<testsuites>
  <testsuite errors="0" failures="0" hostname="nh-d005b94446fa" id="0" name="UserIntegrationTests" package="com.library" tests="9" time="5.109" timestamp="2011-08-28T19:59:38">
      <properties />

      <testcase classname="com.library.UserIntegrationTests" name="testNewUserWithAll" time="1.016" />

      <testcase classname="com.library.UserIntegrationTests" name="testScoreOnUsers" time="0.078" />

      <testcase classname="com.library.UserIntegrationTests" name="testUserTryToCommentItself" time="0.078" />

      <testcase classname="com.library.UserIntegrationTests" name="testUserCommentABook" time="0.313" />

      <testcase classname="com.library.UserIntegrationTests" name="testUserCategorizeABook" time="0.406" />

      <testcase classname="com.library.UserIntegrationTests" name="testUserTryToFindSimilars" time="0.844" />

      <testcase classname="com.library.UserIntegrationTests" name="testOwnTags" time="0.297" />

      <testcase classname="com.library.UserIntegrationTests" name="testFindBookByMyOwnInterested" time="1.015" />

      <testcase classname="com.library.UserIntegrationTests" name="testFindBookByMyOwnInterestedTwo" time="1.047" />

      <system-out><![CDATA[--Output from testNewUserWithAll--
--Output from testScoreOnUsers--
--Output from testUserTryToCommentItself--
--Output from testUserCommentABook--
--Output from testUserCategorizeABook--
--Output from testUserTryToFindSimilars--
--Output from testOwnTags--
--Output from testFindBookByMyOwnInterested--
--Output from testFindBookByMyOwnInterestedTwo--
]]></system-out>

      <system-err><![CDATA[--Output from testNewUserWithAll--
--Output from testScoreOnUsers--
--Output from testUserTryToCommentItself--
--Output from testUserCommentABook--
--Output from testUserCategorizeABook--
--Output from testUserTryToFindSimilars--
--Output from testOwnTags--
--Output from testFindBookByMyOwnInterested--
--Output from testFindBookByMyOwnInterestedTwo--
]]></system-err>

  </testsuite>
</testsuites>
